[    0.000000] Linux version 4.15.0-162-generic (buildd@lcy01-amd64-007) (gcc version 7.5.0 (Ubuntu 7.5.0-3ubuntu1~18.04)) #170-Ubuntu SMP Mon Oct 18 11:38:05 UTC 2021 (Ubuntu 4.15.0-162.170-generic 4.15.18)
[    0.000000] Command line: BOOT_IMAGE=/boot/vmlinuz-4.15.0-162-generic root=LABEL=cloudimg-rootfs ro console=tty1 console=ttyS0
[    0.000000] KERNEL supported cpus:
[    0.000000]   Intel GenuineIntel
[    0.000000]   AMD AuthenticAMD
[    0.000000]   Centaur CentaurHauls
[    0.000000] x86/fpu: x87 FPU will use FXSAVE
[    0.000000] e820: BIOS-provided physical RAM map:
[    0.000000] BIOS-e820: [mem 0x0000000000000000-0x000000000009fbff] usable
[    0.000000] BIOS-e820: [mem 0x000000000009fc00-0x000000000009ffff] reserved
[    0.000000] BIOS-e820: [mem 0x00000000000f0000-0x00000000000fffff] reserved
[    0.000000] BIOS-e820: [mem 0x0000000000100000-0x000000003ffeffff] usable
[    0.000000] BIOS-e820: [mem 0x000000003fff0000-0x000000003fffffff] ACPI data
[    0.000000] BIOS-e820: [mem 0x00000000fec00000-0x00000000fec00fff] reserved
[    0.000000] BIOS-e820: [mem 0x00000000fee00000-0x00000000fee00fff] reserved
[    0.000000] BIOS-e820: [mem 0x00000000fffc0000-0x00000000ffffffff] reserved
[    0.000000] NX (Execute Disable) protection: active
[    0.000000] SMBIOS 2.5 present.
[    0.000000] DMI: innotek GmbH VirtualBox/VirtualBox, BIOS VirtualBox 12/01/2006
[    0.000000] Hypervisor detected: KVM
[    0.000000] e820: last_pfn = 0x3fff0 max_arch_pfn = 0x400000000
[    0.000000] MTRR: Disabled
[    0.000000] x86/PAT: MTRRs disabled, skipping PAT initialization too.
[    0.000000] CPU MTRRs all blank - virtualized system.
[    0.000000] x86/PAT: Configuration [0-7]: WB  WT  UC- UC  WB  WT  UC- UC  
[    0.000000] found SMP MP-table at [mem 0x0009fff0-0x0009ffff]
[    0.000000] Scanning 1 areas for low memory corruption
[    0.000000] RAMDISK: [mem 0x359cd000-0x36cddfff]
[    0.000000] ACPI: Early table checksum verification disabled
[    0.000000] ACPI: RSDP 0x00000000000E0000 000024 (v02 VBOX  )
[    0.000000] ACPI: XSDT 0x000000003FFF0030 00003C (v01 VBOX   VBOXXSDT 00000001 ASL  00000061)
[    0.000000] ACPI: FACP 0x000000003FFF00F0 0000F4 (v04 VBOX   VBOXFACP 00000001 ASL  00000061)
[    0.000000] ACPI: DSDT 0x000000003FFF0470 002325 (v02 VBOX   VBOXBIOS 00000002 INTL 20100528)
[    0.000000] ACPI: FACS 0x000000003FFF0200 000040
[    0.000000] ACPI: FACS 0x000000003FFF0200 000040
[    0.000000] ACPI: APIC 0x000000003FFF0240 00005C (v02 VBOX   VBOXAPIC 00000001 ASL  00000061)
[    0.000000] ACPI: SSDT 0x000000003FFF02A0 0001CC (v01 VBOX   VBOXCPUT 00000002 INTL 20100528)
[    0.000000] ACPI: Reserving FACP table memory at [mem 0x3fff00f0-0x3fff01e3]
[    0.000000] ACPI: Reserving DSDT table memory at [mem 0x3fff0470-0x3fff2794]
[    0.000000] ACPI: Reserving FACS table memory at [mem 0x3fff0200-0x3fff023f]
[    0.000000] ACPI: Reserving FACS table memory at [mem 0x3fff0200-0x3fff023f]
[    0.000000] ACPI: Reserving APIC table memory at [mem 0x3fff0240-0x3fff029b]
[    0.000000] ACPI: Reserving SSDT table memory at [mem 0x3fff02a0-0x3fff046b]
[    0.000000] No NUMA configuration found
[    0.000000] Faking a node at [mem 0x0000000000000000-0x000000003ffeffff]
[    0.000000] NODE_DATA(0) allocated [mem 0x3ffc5000-0x3ffeffff]
[    0.000000] kvm-clock: cpu 0, msr 0:3ff44001, primary cpu clock
[    0.000000] kvm-clock: Using msrs 4b564d01 and 4b564d00
[    0.000000] kvm-clock: using sched offset of 4524308492 cycles
[    0.000000] clocksource: kvm-clock: mask: 0xffffffffffffffff max_cycles: 0x1cd42e4dffb, max_idle_ns: 881590591483 ns
[    0.000000] Zone ranges:
[    0.000000]   DMA      [mem 0x0000000000001000-0x0000000000ffffff]
[    0.000000]   DMA32    [mem 0x0000000001000000-0x000000003ffeffff]
[    0.000000]   Normal   empty
[    0.000000]   Device   empty
[    0.000000] Movable zone start for each node
[    0.000000] Early memory node ranges
[    0.000000]   node   0: [mem 0x0000000000001000-0x000000000009efff]
[    0.000000]   node   0: [mem 0x0000000000100000-0x000000003ffeffff]
[    0.000000] Reserved but unavailable: 104 pages
[    0.000000] Initmem setup node 0 [mem 0x0000000000001000-0x000000003ffeffff]
[    0.000000] ACPI: PM-Timer IO Port: 0x4008
[    0.000000] IOAPIC[0]: apic_id 2, version 32, address 0xfec00000, GSI 0-23
[    0.000000] ACPI: INT_SRC_OVR (bus 0 bus_irq 0 global_irq 2 dfl dfl)
[    0.000000] ACPI: INT_SRC_OVR (bus 0 bus_irq 9 global_irq 9 low level)
[    0.000000] Using ACPI (MADT) for SMP configuration information
[    0.000000] smpboot: Allowing 2 CPUs, 0 hotplug CPUs
[    0.000000] PM: Registered nosave memory: [mem 0x00000000-0x00000fff]
[    0.000000] PM: Registered nosave memory: [mem 0x0009f000-0x0009ffff]
[    0.000000] PM: Registered nosave memory: [mem 0x000a0000-0x000effff]
[    0.000000] PM: Registered nosave memory: [mem 0x000f0000-0x000fffff]
[    0.000000] e820: [mem 0x40000000-0xfebfffff] available for PCI devices
[    0.000000] Booting paravirtualized kernel on KVM
[    0.000000] clocksource: refined-jiffies: mask: 0xffffffff max_cycles: 0xffffffff, max_idle_ns: 7645519600211568 ns
[    0.000000] random: get_random_bytes called from start_kernel+0x99/0x500 with crng_init=0
[    0.000000] setup_percpu: NR_CPUS:8192 nr_cpumask_bits:2 nr_cpu_ids:2 nr_node_ids:1
[    0.000000] percpu: Embedded 45 pages/cpu s147456 r8192 d28672 u1048576
[    0.000000] PV qspinlock hash table entries: 256 (order: 0, 4096 bytes)
[    0.000000] Built 1 zonelists, mobility grouping on.  Total pages: 257913
[    0.000000] Policy zone: DMA32
[    0.000000] Kernel command line: BOOT_IMAGE=/boot/vmlinuz-4.15.0-162-generic root=LABEL=cloudimg-rootfs ro console=tty1 console=ttyS0
[    0.000000] Memory: 982712K/1048120K available (12300K kernel code, 2483K rwdata, 4320K rodata, 2448K init, 2724K bss, 65408K reserved, 0K cma-reserved)
[    0.000000] SLUB: HWalign=64, Order=0-3, MinObjects=0, CPUs=2, Nodes=1
[    0.000000] ftrace: allocating 39475 entries in 155 pages
[    0.004000] Hierarchical RCU implementation.
[    0.004000] 	RCU restricting CPUs from NR_CPUS=8192 to nr_cpu_ids=2.
[    0.004000] 	Tasks RCU enabled.
[    0.004000] RCU: Adjusting geometry for rcu_fanout_leaf=16, nr_cpu_ids=2
[    0.004000] NR_IRQS: 524544, nr_irqs: 440, preallocated irqs: 16
[    0.004000] Console: colour VGA+ 80x25
[    0.004000] console [tty1] enabled
[    0.004000] console [ttyS0] enabled
[    0.004000] ACPI: Core revision 20170831
[    0.004000] ACPI: 2 ACPI AML tables successfully acquired and loaded
[    0.004000] APIC: Switch to symmetric I/O mode setup
[    0.004000] ..TIMER: vector=0x30 apic1=0 pin1=2 apic2=-1 pin2=-1
[    0.004000] tsc: Detected 2803.210 MHz processor
[    0.004010] Calibrating delay loop (skipped) preset value.. 5606.42 BogoMIPS (lpj=11212840)
[    0.008002] pid_max: default: 32768 minimum: 301
[    0.012111] Security Framework initialized
[    0.016003] Yama: becoming mindful.
[    0.018670] AppArmor: AppArmor initialized
[    0.026144] Dentry cache hash table entries: 131072 (order: 8, 1048576 bytes)
[    0.033481] Inode-cache hash table entries: 65536 (order: 7, 524288 bytes)
[    0.036064] Mount-cache hash table entries: 2048 (order: 2, 16384 bytes)
[    0.040062] Mountpoint-cache hash table entries: 2048 (order: 2, 16384 bytes)
[    0.045338] Last level iTLB entries: 4KB 0, 2MB 0, 4MB 0
[    0.048002] Last level dTLB entries: 4KB 0, 2MB 0, 4MB 0, 1GB 0
[    0.052004] Spectre V1 : Mitigation: usercopy/swapgs barriers and __user pointer sanitization
[    0.056003] Spectre V2 : Mitigation: Enhanced IBRS
[    0.060002] Spectre V2 : Spectre v2 / SpectreRSB mitigation: Filling RSB on context switch
[    0.064002] Speculative Store Bypass: Vulnerable
[    0.068153] Freeing SMP alternatives memory: 36K
[    0.196004] APIC calibration not consistent with PM-Timer: 104ms instead of 100ms
[    0.200000] APIC delta adjusted to PM-Timer: 6388041 (6674809)
[    0.200249] smpboot: CPU0: 11th Gen Intel(R) Core(TM) i7-1165G7 @ 2.80GHz (family: 0x6, model: 0x8c, stepping: 0x1)
[    0.204404] Performance Events: unsupported p6 CPU model 140 no PMU driver, software events only.
[    0.208120] Hierarchical SRCU implementation.
[    0.212217] NMI watchdog: Perf event create on CPU 0 failed with -2
[    0.216003] NMI watchdog: Perf NMI watchdog permanently disabled
[    0.220274] smp: Bringing up secondary CPUs ...
[    0.224738] x86: Booting SMP configuration:
[    0.228006] .... node  #0, CPUs:      #1
[    0.004000] kvm-clock: cpu 1, msr 0:3ff44041, secondary cpu clock
[    0.236069] smp: Brought up 1 node, 2 CPUs
[    0.238504] smpboot: Max logical packages: 1
[    0.240005] smpboot: Total of 2 processors activated (11212.84 BogoMIPS)
[    0.248399] devtmpfs: initialized
[    0.250578] x86/mm: Memory block size: 128MB
[    0.252351] evm: security.selinux
[    0.254714] evm: security.SMACK64
[    0.256003] evm: security.SMACK64EXEC
[    0.258417] evm: security.SMACK64TRANSMUTE
[    0.260002] evm: security.SMACK64MMAP
[    0.262368] evm: security.apparmor
[    0.264002] evm: security.ima
[    0.266122] evm: security.capability
[    0.268328] clocksource: jiffies: mask: 0xffffffff max_cycles: 0xffffffff, max_idle_ns: 7645041785100000 ns
[    0.272100] futex hash table entries: 512 (order: 3, 32768 bytes)
[    0.276160] pinctrl core: initialized pinctrl subsystem
[    0.280494] RTC time: 23:35:16, date: 12/29/21
[    0.284864] NET: Registered protocol family 16
[    0.288183] audit: initializing netlink subsys (disabled)
[    0.296008] audit: type=2000 audit(1640820921.662:1): state=initialized audit_enabled=0 res=1
[    0.308011] cpuidle: using governor ladder
[    0.316017] cpuidle: using governor menu
[    0.320054] ACPI: bus type PCI registered
[    0.324005] acpiphp: ACPI Hot Plug PCI Controller Driver version: 0.5
[    0.328626] PCI: Using configuration type 1 for base access
[    0.336602] HugeTLB registered 2.00 MiB page size, pre-allocated 0 pages
[    0.344479] ACPI: Added _OSI(Module Device)
[    0.346970] ACPI: Added _OSI(Processor Device)
[    0.348008] ACPI: Added _OSI(3.0 _SCP Extensions)
[    0.352002] ACPI: Added _OSI(Processor Aggregator Device)
[    0.356003] ACPI: Added _OSI(Linux-Dell-Video)
[    0.358968] ACPI: Added _OSI(Linux-Lenovo-NV-HDMI-Audio)
[    0.360003] ACPI: Added _OSI(Linux-HPI-Hybrid-Graphics)
[    0.364714] ACPI: Executed 1 blocks of module-level executable AML code
[    0.371764] ACPI: Interpreter enabled
[    0.372014] ACPI: (supports S0 S5)
[    0.374344] ACPI: Using IOAPIC for interrupt routing
[    0.376331] PCI: Using host bridge windows from ACPI; if necessary, use "pci=nocrs" and report a bug
[    0.380210] ACPI: Enabled 2 GPEs in block 00 to 07
[    0.393055] ACPI: PCI Root Bridge [PCI0] (domain 0000 [bus 00-ff])
[    0.396007] acpi PNP0A03:00: _OSC: OS supports [ASPM ClockPM Segments MSI]
[    0.400687] acpi PNP0A03:00: _OSC: not requesting OS control; OS requires [ExtendedConfig ASPM ClockPM MSI]
[    0.404011] acpi PNP0A03:00: fail to add MMCONFIG information, can't access extended PCI configuration space under this bridge.
[    0.408626] PCI host bridge to bus 0000:00
[    0.411386] pci_bus 0000:00: root bus resource [io  0x0000-0x0cf7 window]
[    0.412003] pci_bus 0000:00: root bus resource [io  0x0d00-0xffff window]
[    0.416003] pci_bus 0000:00: root bus resource [mem 0x000a0000-0x000bffff window]
[    0.420003] pci_bus 0000:00: root bus resource [mem 0x40000000-0xfdffffff window]
[    0.424003] pci_bus 0000:00: root bus resource [bus 00-ff]
[    0.434488] pci 0000:00:01.1: legacy IDE quirk: reg 0x10: [io  0x01f0-0x01f7]
[    0.436003] pci 0000:00:01.1: legacy IDE quirk: reg 0x14: [io  0x03f6]
[    0.440002] pci 0000:00:01.1: legacy IDE quirk: reg 0x18: [io  0x0170-0x0177]
[    0.444002] pci 0000:00:01.1: legacy IDE quirk: reg 0x1c: [io  0x0376]
[    0.516036] pci 0000:00:07.0: quirk: [io  0x4000-0x403f] claimed by PIIX4 ACPI
[    0.520033] pci 0000:00:07.0: quirk: [io  0x4100-0x410f] claimed by PIIX4 SMB
[    0.538947] ACPI: PCI Interrupt Link [LNKA] (IRQs 5 9 10 *11)
[    0.540412] ACPI: PCI Interrupt Link [LNKB] (IRQs 5 9 *10 11)
[    0.544170] ACPI: PCI Interrupt Link [LNKC] (IRQs 5 *9 10 11)
[    0.548170] ACPI: PCI Interrupt Link [LNKD] (IRQs 5 9 10 *11)
[    0.556036] SCSI subsystem initialized
[    0.558831] pci 0000:00:02.0: vgaarb: setting as boot VGA device
[    0.559586] pci 0000:00:02.0: vgaarb: VGA device added: decodes=io+mem,owns=io+mem,locks=none
[    0.560005] pci 0000:00:02.0: vgaarb: bridge control possible
[    0.564002] vgaarb: loaded
[    0.566087] ACPI: bus type USB registered
[    0.568035] usbcore: registered new interface driver usbfs
[    0.572010] usbcore: registered new interface driver hub
[    0.576008] usbcore: registered new device driver usb
[    0.580217] EDAC MC: Ver: 3.0.0
[    0.584302] PCI: Using ACPI for IRQ routing
[    0.588673] NetLabel: Initializing
[    0.591035] NetLabel:  domain hash size = 128
[    0.592002] NetLabel:  protocols = UNLABELED CIPSOv4 CALIPSO
[    0.596018] NetLabel:  unlabeled traffic allowed by default
[    0.600351] clocksource: Switched to clocksource kvm-clock
[    0.612329] VFS: Disk quotas dquot_6.6.0
[    0.612329] VFS: Dquot-cache hash table entries: 512 (order 0, 4096 bytes)
[    0.612329] AppArmor: AppArmor Filesystem Enabled
[    0.612329] pnp: PnP ACPI init
[    0.612329] pnp: PnP ACPI: found 3 devices
[    0.734596] clocksource: acpi_pm: mask: 0xffffff max_cycles: 0xffffff, max_idle_ns: 2085701024 ns
[    0.736752] NET: Registered protocol family 2
[    0.736752] IP idents hash table entries: 16384 (order: 5, 131072 bytes)
[    0.754437] TCP established hash table entries: 8192 (order: 4, 65536 bytes)
[    0.759347] TCP bind hash table entries: 8192 (order: 5, 131072 bytes)
[    0.765417] TCP: Hash tables configured (established 8192 bind 8192)
[    0.769012] UDP hash table entries: 512 (order: 2, 16384 bytes)
[    0.769012] UDP-Lite hash table entries: 512 (order: 2, 16384 bytes)
[    0.769012] NET: Registered protocol family 1
[    0.769012] pci 0000:00:00.0: Limiting direct PCI/PCI transfers
[    0.769012] pci 0000:00:01.0: Activating ISA DMA hang workarounds
[    0.769012] pci 0000:00:02.0: Video device with shadowed ROM at [mem 0x000c0000-0x000dffff]
[    0.769012] Unpacking initramfs...
[    1.377082] Freeing initrd memory: 19524K
[    1.381201] clocksource: tsc: mask: 0xffffffffffffffff max_cycles: 0x2868193390f, max_idle_ns: 440795218527 ns
[    1.388110] platform rtc_cmos: registered platform RTC device (no PNP device found)
[    1.393257] Scanning for low memory corruption every 60 seconds
[    1.398595] Initialise system trusted keyrings
[    1.401353] Key type blacklist registered
[    1.404380] workingset: timestamp_bits=36 max_order=18 bucket_order=0
[    1.409766] zbud: loaded
[    1.412358] squashfs: version 4.0 (2009/01/31) Phillip Lougher
[    1.416772] fuse init (API version 7.26)
[    1.442116] Key type asymmetric registered
[    1.446495] Asymmetric key parser 'x509' registered
[    1.451419] Block layer SCSI generic (bsg) driver version 0.4 loaded (major 246)
[    1.457873] io scheduler noop registered
[    1.460497] io scheduler deadline registered
[    1.463594] io scheduler cfq registered (default)
[    1.467513] ACPI: AC Adapter [AC] (on-line)
[    1.470799] input: Power Button as /devices/LNXSYSTM:00/LNXPWRBN:00/input/input0
[    1.476232] ACPI: Power Button [PWRF]
[    1.478589] input: Sleep Button as /devices/LNXSYSTM:00/LNXSLPBN:00/input/input1
[    1.482918] ACPI: Sleep Button [SLPF]
[    1.486595] ACPI: Battery Slot [BAT0] (battery present)
[    1.493434] Serial: 8250/16550 driver, 32 ports, IRQ sharing enabled
[    1.523769] 00:02: ttyS0 at I/O 0x3f8 (irq = 4, base_baud = 115200) is a 16550A
[    1.540873] Linux agpgart interface v0.103
[    1.548217] loop: module loaded
[    1.553360] scsi host0: ata_piix
[    1.558122] scsi host1: ata_piix
[    1.561812] ata1: PATA max UDMA/33 cmd 0x1f0 ctl 0x3f6 bmdma 0xd000 irq 14
[    1.569106] ata2: PATA max UDMA/33 cmd 0x170 ctl 0x376 bmdma 0xd008 irq 15
[    1.575050] libphy: Fixed MDIO Bus: probed
[    1.578918] tun: Universal TUN/TAP device driver, 1.6
[    1.583262] PPP generic driver version 2.4.2
[    1.586390] ehci_hcd: USB 2.0 'Enhanced' Host Controller (EHCI) Driver
[    1.590643] ehci-pci: EHCI PCI platform driver
[    1.593931] ehci-platform: EHCI generic platform driver
[    1.597429] ohci_hcd: USB 1.1 'Open' Host Controller (OHCI) Driver
[    1.601394] ohci-pci: OHCI PCI platform driver
[    1.608825] ohci-platform: OHCI generic platform driver
[    1.616023] uhci_hcd: USB Universal Host Controller Interface driver
[    1.622976] i8042: PNP: PS/2 Controller [PNP0303:PS2K,PNP0f03:PS2M] at 0x60,0x64 irq 1,12
[    1.636053] serio: i8042 KBD port at 0x60,0x64 irq 1
[    1.640306] serio: i8042 AUX port at 0x60,0x64 irq 12
[    1.644297] mousedev: PS/2 mouse device common for all mice
[    1.650645] rtc_cmos rtc_cmos: rtc core: registered rtc_cmos as rtc0
[    1.654850] input: AT Translated Set 2 keyboard as /devices/platform/i8042/serio0/input/input2
[    1.656932] rtc_cmos rtc_cmos: alarms up to one day, 114 bytes nvram
[    1.668798] i2c /dev entries driver
[    1.672758] device-mapper: uevent: version 1.0.3
[    1.679448] device-mapper: ioctl: 4.37.0-ioctl (2017-09-20) initialised: dm-devel@redhat.com
[    1.688650] ledtrig-cpu: registered to indicate activity on CPUs
[    1.694783] NET: Registered protocol family 10
[    1.703129] Segment Routing with IPv6
[    1.706140] NET: Registered protocol family 17
[    1.709778] Key type dns_resolver registered
[    1.713395] mce: Using 0 MCE banks
[    1.716216] RAS: Correctable Errors collector initialized.
[    1.720277] sched_clock: Marking stable (1720236861, 0)->(2474443370, -754206509)
[    1.727351] registered taskstats version 1
[    1.730692] Loading compiled-in X.509 certificates
[    1.787581] Loaded X.509 cert 'Build time autogenerated kernel key: ebed311aedd59d9a851620769f4a146e4e1d43c6'
[    1.797975] Loaded X.509 cert 'Canonical Ltd. Live Patch Signing: 14df34d1a87cf37625abec039ef2bf521249b969'
[    1.807788] Loaded X.509 cert 'Canonical Ltd. Kernel Module Signing: 88f752e560a1e0737e31163a466ad7b70a850c19'
[    1.815042] zswap: loaded using pool lzo/zbud
[    1.824562] Key type big_key registered
[    1.827127] Key type trusted registered
[    1.832606] Key type encrypted registered
[    1.835253] AppArmor: AppArmor sha1 policy hashing enabled
[    1.839038] ima: No TPM chip found, activating TPM-bypass! (rc=-19)
[    1.843270] ima: Allocated hash algorithm: sha1
[    1.846439] evm: HMAC attrs: 0x1
[    1.849360]   Magic number: 1:688:606
[    1.852284] rtc_cmos rtc_cmos: setting system clock to 2021-12-29 23:35:18 UTC (1640820918)
[    1.858163] BIOS EDD facility v0.16 2004-Jun-25, 0 devices found
[    1.862191] EDD information not available.
[    1.867468] Freeing unused kernel image memory: 2448K
[    1.884192] Write protecting the kernel read-only data: 20480k
[    1.890583] Freeing unused kernel image memory: 2008K
[    1.894817] Freeing unused kernel image memory: 1824K
[    1.902362] x86/mm: Checked W+X mappings: passed, no W+X pages found.
Loading, please wait...
starting version 237
[    1.997043] e1000: Intel(R) PRO/1000 Network Driver - version 7.3.21-k8-NAPI
[    2.004118] e1000: Copyright (c) 1999-2006 Intel Corporation.
[    2.013806] Fusion MPT base driver 3.04.20
[    2.019232] Copyright (c) 1999-2008 LSI Corporation
[    2.046955] Fusion MPT SPI Host driver 3.04.20
[    2.269666] input: ImExPS/2 Generic Explorer Mouse as /devices/platform/i8042/serio1/input/input4
[    2.643378] e1000 0000:00:03.0 eth0: (PCI:33MHz:32-bit) 02:38:bc:e5:bf:66
[    2.652132] e1000 0000:00:03.0 eth0: Intel(R) PRO/1000 Network Connection
[    3.251591] e1000 0000:00:08.0 eth1: (PCI:33MHz:32-bit) 08:00:27:d2:82:b9
[    3.258827] e1000 0000:00:08.0 eth1: Intel(R) PRO/1000 Network Connection
[    3.265919] mptbase: ioc0: Initiating bringup
[    3.266573] e1000 0000:00:03.0 enp0s3: renamed from eth0
[    4.758268] e1000 0000:00:08.0 enp0s8: renamed from eth1
[    4.855332] ioc0: LSI53C1030 A0: Capabilities={Initiator}
[    5.552449] scsi host2: ioc0: LSI53C1030 A0, FwRev=00000000h, Ports=1, MaxQ=256, IRQ=20
[    5.818215] scsi 2:0:0:0: Direct-Access     VBOX     HARDDISK         1.0  PQ: 0 ANSI: 5
[    5.860132] scsi target2:0:0: Beginning Domain Validation
[    5.878964] scsi target2:0:0: Domain Validation skipping write tests
[    5.887547] scsi target2:0:0: Ending Domain Validation
[    5.895052] scsi target2:0:0: asynchronous
[    5.902836] scsi 2:0:1:0: Direct-Access     VBOX     HARDDISK         1.0  PQ: 0 ANSI: 5
[    5.940126] scsi target2:0:1: Beginning Domain Validation
[    5.946568] random: fast init done
[    5.957807] scsi target2:0:1: Domain Validation skipping write tests
[    5.962152] scsi target2:0:1: Ending Domain Validation
[    5.966807] scsi target2:0:1: asynchronous
[    5.978599] random: systemd-udevd: uninitialized urandom read (16 bytes read)
[    5.978637] sd 2:0:0:0: Attached scsi generic sg0 type 0
[    5.984228] random: systemd-udevd: uninitialized urandom read (16 bytes read)
[    5.988786] sd 2:0:1:0: Attached scsi generic sg1 type 0
[    5.994986] sd 2:0:1:0: [sdb] 20480 512-byte logical blocks: (10.5 MB/10.0 MiB)
[    6.003974] random: systemd-udevd: uninitialized urandom read (16 bytes read)
[    6.009129] sd 2:0:0:0: [sda] 83886080 512-byte logical blocks: (42.9 GB/40.0 GiB)
[    6.009648] sd 2:0:1:0: [sdb] Write Protect is off
[    6.019427] sd 2:0:0:0: [sda] Write Protect is off
[    6.020072] sd 2:0:1:0: [sdb] Incomplete mode parameter data
[    6.028704] sd 2:0:1:0: [sdb] Assuming drive cache: write through
[    6.033689] sd 2:0:0:0: [sda] Incomplete mode parameter data
[    6.038348] sd 2:0:0:0: [sda] Assuming drive cache: write through
[    6.047142]  sda: sda1
[    6.048757] sd 2:0:1:0: [sdb] Attached SCSI disk
[    6.054671] sd 2:0:0:0: [sda] Attached SCSI disk
Begin: Loading essential drivers ... [    8.760419] raid6: sse2x1   gen() 236340 MB/s
[   10.763853] raid6: sse2x1   xor() 192965 MB/s
[   11.765285] raid6: sse2x2   gen() 416411 MB/s
[   12.813393] raid6: sse2x2   xor() 11422 MB/s
[   12.865331] raid6: sse2x4   gen() 19014 MB/s
[   12.919024] raid6: sse2x4   xor() 10611 MB/s
[   12.923082] raid6: using algorithm sse2x2 gen() 416411 MB/s
[   12.926850] raid6: .... xor() 11422 MB/s, rmw enabled
[   12.930381] raid6: using ssse3x2 recovery algorithm
[   12.935966] xor: measuring software checksum speed
[   12.976530]    prefetch64-sse: 22447.000 MB/sec
[   13.016654]    generic_sse: 16838.000 MB/sec
[   13.020236] xor: using function: prefetch64-sse (22447.000 MB/sec)
[   13.027337] async_tx: api initialized (async)
done.
Begin: Running /scripts/init-premount ... done.
Begin: Mounting root file system ... Begin: Running /scripts/local-top ... done.
Begin: Running /scripts/local-premount ... [   13.091260] Btrfs loaded, crc32c=crc32c-intel
Scanning for Btrfs filesystems
done.
Warning: fsck not present, so skipping root file system
[   13.128137] EXT4-fs (sda1): mounted filesystem with ordered data mode. Opts: (null)
done.
Begin: Running /scripts/local-bottom ... done.
Begin: Running /scripts/init-bottom ... done.
[   13.327287] ip_tables: (C) 2000-2006 Netfilter Core Team
[   13.342598] systemd[1]: systemd 237 running in system mode. (+PAM +AUDIT +SELINUX +IMA +APPARMOR +SMACK +SYSVINIT +UTMP +LIBCRYPTSETUP +GCRYPT +GNUTLS +ACL +XZ +LZ4 +SECCOMP +BLKID +ELFUTILS +KMOD -IDN2 +IDN -PCRE2 default-hierarchy=hybrid)
[   13.356223] systemd[1]: Detected virtualization oracle.
[   13.360120] systemd[1]: Detected architecture x86-64.

Welcome to [1mUbuntu 18.04.6 LTS[0m!

[   13.388715] systemd[1]: Set hostname to <ubuntu>.
[   13.395898] systemd[1]: Initializing machine ID from random generator.
[   13.400448] systemd[1]: Installed transient /etc/machine-id file.
[   13.709444] systemd[1]: Reached target User and Group Name Lookups.
[[0;32m  OK  [0m] Reached target User and Group Name Lookups.
[   13.719331] systemd[1]: Reached target System Time Synchronized.
[[0;32m  OK  [0m] Reached target System Time Synchronized.
[   13.727258] systemd[1]: Reached target Swap.
[[0;32m  OK  [0m] Reached target Swap.
[   13.733381] systemd[1]: Set up automount Arbitrary Executable File Formats File System Automount Point.
[[0;32m  OK  [0m] Set up automount Arbitrary Executab…rmats File System Automount Point.
[[0;32m  OK  [0m] Created slice User and Session Slice.
[[0;32m  OK  [0m] Started Forward Password Requests to Wall Directory Watch.
[[0;32m  OK  [0m] Created slice System Slice.
[[0;32m  OK  [0m] Listening on LVM2 poll daemon socket.
[[0;32m  OK  [0m] Listening on fsck to fsckd communication Socket.
[[0;32m  OK  [0m] Listening on Journal Socket.
[[0;32m  OK  [0m] Listening on Journal Audit Socket.
[[0;32m  OK  [0m] Reached target Slices.
         Starting Create list of required st…ce nodes for the current kernel...
[[0;32m  OK  [0m] Listening on Syslog Socket.
[[0;32m  OK  [0m] Listening on Journal Socket (/dev/log).
         Starting Set the console keyboard layout...
[[0;32m  OK  [0m] Listening on udev Kernel Socket.
[[0;32m  OK  [0m] Listening on Network Service Netlink Socket.
         Starting Load Kernel Modules...
         Mounting Kernel Debug File System...
[[0;32m  OK  [0m] Created slice system-serial\x2dgetty.slice.
         Mounting Huge Pages File System...
         Starting File System Check on Root Device...
         Mounting POSIX Message Queue File System...
         Starting Uncomplicated firewall...
[   13.855406] Loading iSCSI transport class v2.0-870.
         Starting Journal Service...
[[0;32m  OK  [0m] Listening on udev Control Socket.
         Starting udev Coldplug all Devices...
[[0;32m  OK  [0m] Listening on /dev/initctl Compatibility Named Pipe.
[[0;32m  OK  [0m] Listening on Device-mapper event daemon FIFOs.
[[0;32m  OK  [0m] Listening on LVM2 metadata daemon socket.
         Starting Monitoring of LVM2 mirrors…ng dmeventd or progress polling...
[   13.920459] iscsi: registered transport (tcp)
[[0;32m  OK  [0m] Started Create list of required sta…vice nodes for the current kernel.
[[0;32m  OK  [0m] Mounted Kernel Debug File System.
[[0;32m  OK  [0m] Mounted Huge Pages File System.
[[0;32m  OK  [0m] Mounted POSIX Message Queue File System.
[[0;32m  OK  [0m] Started Uncomplicated firewall.
[[0;32m  OK  [0m] Started File System Check Daemon to report status.
         Starting Create Static Device Nodes in /dev...
[[0;32m  OK  [0m] Started Journal Service.
[[0;32m  OK  [0m] Started udev Coldplug all Devices.
[[0;32m  OK  [0m] Started LVM2 metadata daemon.
[[0;32m  OK  [0m] Started File System Check on Root Device.
         Starting Remount Root and Kernel File Systems...
[   14.084175] iscsi: registered transport (iser)
[[0;32m  OK  [0m] Started Load Kernel Modules.
         Starting Apply Kernel Variables...
         Mounting Kernel Configuration File System...
         Mounting FUSE Control File System...
[[0;32m  OK  [0m] Mounted FUSE Control File System.
[[0;32m  OK  [0m] Mounted Kernel Configuration File System.
[[0;32m  OK  [0m] Started Set the console keyboard layout.
[[0;32m  OK  [0m] Started Create Static Device Nodes in /dev.
[[0;32m  OK  [0m] Started Remount Root and Kernel File Systems.
         Starting Flush Journal to Persistent Storage...
         Starting udev Kernel Device Manager...
         Starting Load/Save Random Seed...
[[0;32m  OK  [0m] Started Apply Kernel Variables.
[[0;32m  OK  [0m] Started Monitoring of LVM2 mirrors,…sing dmeventd or progress polling.
[[0;32m  OK  [0m] Reached target Local File Systems (Pre).
[[0;32m  OK  [0m] Reached target Local File Systems.
         Starting Commit a transient machine-id on disk...
         Starting Set console font and keymap...
         Starting Tell Plymouth To Write Out Runtime Data...
         Starting AppArmor initialization...
         Starting ebtables ruleset management...
[[0;32m  OK  [0m] Started Load/Save Random Seed.
[[0;32m  OK  [0m] Started udev Kernel Device Manager.
[[0;32m  OK  [0m] Started Dispatch Password Requests to Console Directory Watch.
[[0;32m  OK  [0m] Reached target Local Encrypted Volumes.
[[0;32m  OK  [0m] Started Set console font and keymap.
[[0;32m  OK  [0m] Started Tell Plymouth To Write Out Runtime Data.
[[0;32m  OK  [0m] Started Flush Journal to Persistent Storage.
[[0;32m  OK  [0m] Started Commit a transient machine-id on disk.
         Starting Create Volatile Files and Directories...
[[0;32m  OK  [0m] Started Create Volatile Files and Directories.
         Starting Update UTMP about System Boot/Shutdown...
[[0;32m  OK  [0m] Started Update UTMP about System Boot/Shutdown.
[[0;32m  OK  [0m] Started ebtables ruleset management.
[[0;32m  OK  [0m] Found device /dev/ttyS0.
[[0;32m  OK  [0m] Listening on Load/Save RF Kill Switch Status /dev/rfkill Watch.
[[0;32m  OK  [0m] Started AppArmor initialization.
         Starting Initial cloud-init job (pre-networking)...
         Starting Load AppArmor profiles managed internally by snapd...
[[0;32m  OK  [0m] Started Load AppArmor profiles managed internally by snapd.
[   17.173575] cloud-init[567]: Cloud-init v. 21.3-1-g6803368d-0ubuntu1~18.04.4 running 'init-local' at Wed, 29 Dec 2021 23:35:33 +0000. Up 16.72 seconds.
[[0;32m  OK  [0m] Started Initial cloud-init job (pre-networking).
[[0;32m  OK  [0m] Reached target Network (Pre).
         Starting Network Service...
[[0;32m  OK  [0m] Started Network Service.
         Starting Network Name Resolution...
         Starting Wait for Network to be Configured...
[[0;32m  OK  [0m] Started Network Name Resolution.
[[0;32m  OK  [0m] Reached target Host and Network Name Lookups.
[[0;32m  OK  [0m] Reached target Network.
[[0;32m  OK  [0m] Started Wait for Network to be Configured.
         Starting Initial cloud-init job (metadata service crawler)...
[   19.911842] cloud-init[709]: Cloud-init v. 21.3-1-g6803368d-0ubuntu1~18.04.4 running 'init' at Wed, 29 Dec 2021 23:35:36 +0000. Up 19.80 seconds.
[   19.928348] cloud-init[709]: ci-info: ++++++++++++++++++++++++++++++++++++++Net device info+++++++++++++++++++++++++++++++++++++++
[   19.935507] cloud-init[709]: ci-info: +--------+-------+----------------------------+---------------+--------+-------------------+
[   19.941716] cloud-init[709]: ci-info: | Device |   Up  |          Address           |      Mask     | Scope  |     Hw-Address    |
[   19.946336] cloud-init[709]: ci-info: +--------+-------+----------------------------+---------------+--------+-------------------+
[   19.953730] cloud-init[709]: ci-info: | enp0s3 |  True |         10.0.2.15          | 255.255.255.0 | global | 02:38:bc:e5:bf:66 |
[   19.958738] cloud-init[709]: ci-info: | enp0s3 |  True | fe80::38:bcff:fee5:bf66/64 |       .       |  link  | 02:38:bc:e5:bf:66 |
[   19.962902] cloud-init[709]: ci-info: | enp0s8 | False |             .              |       .       |   .    | 08:00:27:d2:82:b9 |
[   19.965950] cloud-init[709]: ci-info: |   lo   |  True |         127.0.0.1          |   255.0.0.0   |  host  |         .         |
[   19.968915] cloud-init[709]: ci-info: |   lo   |  True |          ::1/128           |       .       |  host  |         .         |
[   19.971895] cloud-init[709]: ci-info: +--------+-------+----------------------------+---------------+--------+-------------------+
[   19.974781] cloud-init[709]: ci-info: ++++++++++++++++++++++++++++Route IPv4 info+++++++++++++++++++++++++++++
[   19.977182] cloud-init[709]: ci-info: +-------+-------------+----------+-----------------+-----------+-------+
[   19.979807] cloud-init[709]: ci-info: | Route | Destination | Gateway  |     Genmask     | Interface | Flags |
[   19.982405] cloud-init[709]: ci-info: +-------+-------------+----------+-----------------+-----------+-------+
[   19.984887] cloud-init[709]: ci-info: |   0   |   0.0.0.0   | 10.0.2.2 |     0.0.0.0     |   enp0s3  |   UG  |
[   19.987403] cloud-init[709]: ci-info: |   1   |   10.0.2.0  | 0.0.0.0  |  255.255.255.0  |   enp0s3  |   U   |
[   19.990012] cloud-init[709]: ci-info: |   2   |   10.0.2.2  | 0.0.0.0  | 255.255.255.255 |   enp0s3  |   UH  |
[   19.993691] cloud-init[709]: ci-info: +-------+-------------+----------+-----------------+-----------+-------+
[   19.999437] cloud-init[709]: ci-info: +++++++++++++++++++Route IPv6 info+++++++++++++++++++
[   20.004469] cloud-init[709]: ci-info: +-------+-------------+---------+-----------+-------+
[   20.014542] cloud-init[709]: ci-info: | Route | Destination | Gateway | Interface | Flags |
[   20.024815] cloud-init[709]: ci-info: +-------+-------------+---------+-----------+-------+
[   20.033337] cloud-init[709]: ci-info: |   1   |  fe80::/64  |    ::   |   enp0s3  |   U   |
[   20.037276] cloud-init[709]: ci-info: |   3   |    local    |    ::   |   enp0s3  |   U   |
[   20.041217] cloud-init[709]: ci-info: |   4   |   ff00::/8  |    ::   |   enp0s3  |   U   |
[   20.044920] cloud-init[709]: ci-info: +-------+-------------+---------+-----------+-------+
[   20.802366] cloud-init[709]: Generating public/private rsa key pair.
[   20.807104] cloud-init[709]: Your identification has been saved in /etc/ssh/ssh_host_rsa_key.
[   20.812802] cloud-init[709]: Your public key has been saved in /etc/ssh/ssh_host_rsa_key.pub.
[   20.818086] cloud-init[709]: The key fingerprint is:
[   20.832826] cloud-init[709]: SHA256:HCJmq4st0kxbfRVhKaH9qKQW8rWU3Fhb3wKisEltc3g root@ubuntu-bionic
[[   20.855011] [0;32m  OK  [0m] Started Initial cloud-init job (metadata service crawler).
[cloud-init[709]: The key's randomart image is:
[   20.872434] cloud-init[709]: +---[RSA 2048]----+
[   20.875256] [0;32m  OK  [0m] Reached target Network is Online.
cloud-init[[0;32m  OK  [0m] Reached target Remote File Systems (Pre).
[709]: |        ..oo     |
[   20.885764] cloud-init[709]: |     . +..o      |
[   20.887005] cloud-init[709]: |    * B E.o.     |
[   20.888301] cloud-init[709]: |   + O % B.o .   |
[   20.889556] cloud-init[709]: |  . =.O S.. o .  |
[   20.890875] cloud-init[709]: |  .+.*.o.    .   |
[   20.892242] cloud-init[709]: | +.o+ o.         |
[   20.893478] cloud-init[709]: |oo+o             |
[[   20.894660] cloud-init[709]: |o.o              |
[   20.895074] cloud-init[709]: +----[SHA256]-----+
[   20.895095] cloud-init[709]: Generating public/private dsa key pair.
[   20.895395] cloud-init[709]: Your identification has been saved in /etc/ssh/ssh_host_dsa_key.
[   20.895681] cloud-init[709]: Your public key has been saved in /etc/ssh/ssh_host_dsa_key.pub.
[   20.895990] cloud-init[709]: The key fingerprint is:
[   20.896558] cloud-init[709]: SHA256:dG+dR8zugjevo/c6LV5WCKbRG8U6FDEkvehiQfqc7pE root@ubuntu-bionic
[   20.896594] cloud-init[709]: The key's randomart image is:
[   20.896621] cloud-init[709]: +---[DSA 1024]----+
[   20.896654] cloud-init[709]: |          .o=+.  |
[   20.896680] cloud-init[709]: |        .  ooo.o |
[   20.896707] cloud-init[709]: |       o. oo=o  +|
[   20.896732] cloud-init[709]: |      .....=+= = |
[   20.897067] cloud-init[709]: |       oS+. +.+ +|
[   20.897373] cloud-init[709]: |        *... . o.|
[   20.897785] cloud-init[709]: |       oE.  . +.+|
[   20.898373] cloud-init[709]: |        ..   .=*.|
[   20.898909] cloud-init[709]: |       ..   .++Bo|
[   20.899434] cloud-init[709]: +----[SHA256]-----+
[   20.899960] cloud-init[709]: Generating public/private ecdsa key pair.
[   20.901091] cloud-init[709]: Your identification has been saved in /etc/ssh/ssh_host_ecdsa_key.
[   20.901613] cloud-init[709]: Your public key has been saved in /etc/ssh/ssh_host_ecdsa_key.pub.
[   20.902145] cloud-init[709]: The key fingerprint is:
[   20.902922] cloud-init[709]: SHA256:wSxxjsrGCaAyh4c2kjSjyM0iL2FMFqbbPbJNFvQ8eOI root@ubuntu-bionic
[   20.903339] cloud-init[709]: The key's randomart image is:
[   20.903861] cloud-init[709]: +---[ECDSA 256]---+
[   20.904989] cloud-init[709]: |.O. . . .        |
[   20.905517] cloud-init[709]: |%==. + B         |
[   20.906045] cloud-init[709]: |#B+o+ B =        |
[   20.906546] cloud-init[709]: |*Oo* * o .       |
[   20.906979] cloud-init[709]: |o + E   S        |
[   20.907405] cloud-init[709]: | . B .           |
[   20.907908] cloud-init[709]: |  . .            |
[   20.908828] cloud-init[709]: |                 |
[   20.909251] cloud-init[709]: |                 |
[   20.909689] cloud-init[709]: +----[SHA256]-----+
[   20.910115] cloud-init[709]: Generating public/private ed25519 key pair.
[   20.910552] cloud-init[709]: Your identification has been saved in /etc/ssh/ssh_host_ed25519_key.
[   20.910983] cloud-init[709]: Your public key has been saved in /etc/ssh/ssh_host_ed25519_key.pub.
[   20.911416] cloud-init[709]: The key fingerprint is:
[   20.911894] cloud-init[709]: SHA256:Xzzwx3MO9hoaTL2ADJ7EC7K8FEIo1CVdOAOnUg/fMzY root@ubuntu-bionic
[   20.912648] cloud-init[709]: The key's randomart image is:
[   20.912995] cloud-init[709]: +--[ED25519 256]--+
[   20.913353] cloud-init[709]: |.oo=+oo.         |
[   20.913709] cloud-init[709]: |o...B=..         |
[   20.914065] cloud-init[709]: |....oo+E+ .      |
[   20.914429] cloud-init[709]: |  .o +.++= = o   |
[   20.914777] cloud-init[709]: |    +   S o B B .|
[   20.915130] cloud-init[709]: |   . .   . + = B |
[   20.915483] cloud-init[709]: |    .     . o o o|
[   20.915835] cloud-init[709]: |             o o |
[   20.916612] cloud-init[709]: |            . .  |
[   20.916948] cloud-init[709]: +----[SHA256]-----+
[0;32m  OK  [0m] Reached target Remote File Systems.
         Starting Availability of block devices...
[[0;32m  OK  [0m] Reached target System Initialization.
         Starting Socket activation for snappy daemon.
[[0;32m  OK  [0m] Listening on D-Bus System Message Bus Socket.
[[0;32m  OK  [0m] Started Ubuntu Advantage Timer for running repeated jobs.
[[0;32m  OK  [0m] Started Daily Cleanup of Temporary Directories.
[[0;32m  OK  [0m] Started Trigger to poll for Ubuntu …(Only enabled on GCP LTS non-pro).
[[0;32m  OK  [0m] Started ACPI Events Check.
[[0;32m  OK  [0m] Reached target Paths.
[[0;32m  OK  [0m] Listening on ACPID Listen Socket.
[[0;32m  OK  [0m] Started Message of the Day.
[[0;32m  OK  [0m] Listening on Open-iSCSI iscsid Socket.
[[0;32m  OK  [0m] Listening on cloud-init hotplug hook socket.
[[0;32m  OK  [0m] Listening on UUID daemon activation socket.
[[0;32m  OK  [0m] Started Discard unused blocks once a week.
[[0;32m  OK  [0m] Started Daily apt download activities.
[[0;32m  OK  [0m] Started Daily apt upgrade and clean activities.
[[0;32m  OK  [0m] Reached target Timers.
         Starting LXD - unix socket.
[[0;32m  OK  [0m] Reached target Cloud-config availability.
[[0;32m  OK  [0m] Started Availability of block devices.
[[0;32m  OK  [0m] Listening on Socket activation for snappy daemon.
[[0;32m  OK  [0m] Listening on LXD - unix socket.
[[0;32m  OK  [0m] Reached target Sockets.
[[0;32m  OK  [0m] Reached target Basic System.
[[0;32m  OK  [0m] Started FUSE filesystem for LXC.
[[0;32m  OK  [0m] Started irqbalance daemon.
[[0;32m  OK  [0m] Started Regular background program processing daemon.
[[0;32m  OK  [0m] Started Deferred execution scheduler.
         Starting LSB: Record successful boot for GRUB...
[[0;32m  OK  [0m] Started D-Bus System Message Bus.
         Starting Login Service...
         Starting LXD - container startup/shutdown...
         Starting Dispatcher daemon for systemd-networkd...
         Starting Pollinate to seed the pseudo random number generator...
         Starting LSB: automatic crash report generation...
         Starting Accounts Service...
         Starting Virtualbox guest utils...
         Starting Permit User Sessions...
         Starting System Logging Service...
         Starting Snap Daemon...
[[0;32m  OK  [0m] Started System Logging Service.
[[0;32m  OK  [0m] Started Permit User Sessions.
[[0;32m  OK  [0m] Started Login Service.
         Starting Authorization Manager...
[[0;32m  OK  [0m] Started Unattended Upgrades Shutdown.
         Starting Hold until boot process finishes up...
         Starting Terminate Plymouth Boot Screen...
[[0;32m  OK  [0m] Started Hold until boot process finishes up.
[[0;32m  OK  [0m] Started Terminate Plymouth Boot Screen.
[[0;32m  OK  [0m] Started Serial Getty on ttyS0.
         Starting Set console scheme...
[[0;32m  OK  [0m] Started Authorization Manager.
[[0;32m  OK  [0m] Started Accounts Service.
[[0;32m  OK  [0m] Started Set console scheme.
[[0;32m  OK  [0m] Created slice system-getty.slice.
[[0;32m  OK  [0m] Started Getty on tty1.
[[0;32m  OK  [0m] Reached target Login Prompts.
[[0;32m  OK  [0m] Started LSB: automatic crash report generation.
[[0;32m  OK  [0m] Started LSB: Record successful boot for GRUB.
[[0;32m  OK  [0m] Started Virtualbox guest utils.
[[0;32m  OK  [0m] Started LXD - container startup/shutdown.
[[0;32m  OK  [0m] Started Dispatcher daemon for systemd-networkd.
[[0;32m  OK  [0m] Started Snap Daemon.
         Starting Wait until snapd is fully seeded...
[[0;32m  OK  [0m] Started Pollinate to seed the pseudo random number generator.
         Starting OpenBSD Secure Shell server...
[[0;32m  OK  [0m] Started OpenBSD Secure Shell server.
[[0;32m  OK  [0m] Started Wait until snapd is fully seeded.
         Starting Apply the settings specified in cloud-config...
[[0;32m  OK  [0m] Reached target Multi-User System.
[[0;32m  OK  [0m] Reached target Graphical Interface.
         Starting Update UTMP about System Runlevel Changes...
[[0;32m  OK  [0m] Started Update UTMP about System Runlevel Changes.
[   24.585698] cloud-init[1300]: Cloud-init v. 21.3-1-g6803368d-0ubuntu1~18.04.4 running 'modules:config' at Wed, 29 Dec 2021 23:35:40 +0000. Up 24.03 seconds.
[[0;32m  OK  [0m] Started Apply the settings specified in cloud-config.
         Starting Execute cloud user/final scripts...
ci-info: no authorized SSH keys fingerprints found for user ubuntu.
<14>Dec 29 23:35:41 cloud-init: #############################################################
<14>Dec 29 23:35:41 cloud-init: -----BEGIN SSH HOST KEY FINGERPRINTS-----
<14>Dec 29 23:35:41 cloud-init: 1024 SHA256:dG+dR8zugjevo/c6LV5WCKbRG8U6FDEkvehiQfqc7pE root@ubuntu-bionic (DSA)
<14>Dec 29 23:35:41 cloud-init: 256 SHA256:wSxxjsrGCaAyh4c2kjSjyM0iL2FMFqbbPbJNFvQ8eOI root@ubuntu-bionic (ECDSA)
<14>Dec 29 23:35:41 cloud-init: 256 SHA256:Xzzwx3MO9hoaTL2ADJ7EC7K8FEIo1CVdOAOnUg/fMzY root@ubuntu-bionic (ED25519)
<14>Dec 29 23:35:41 cloud-init: 2048 SHA256:HCJmq4st0kxbfRVhKaH9qKQW8rWU3Fhb3wKisEltc3g root@ubuntu-bionic (RSA)
<14>Dec 29 23:35:41 cloud-init: -----END SSH HOST KEY FINGERPRINTS-----
<14>Dec 29 23:35:41 cloud-init: #############################################################
-----BEGIN SSH HOST KEY KEYS-----
ecdsa-sha2-nistp256 AAAAE2VjZHNhLXNoYTItbmlzdHAyNTYAAAAIbmlzdHAyNTYAAABBBIsuy2RF9NW+mujyW8Ice3pVPK8sv5IQWiq66eo1MZCuuWOdRwxw3R+zOuG+bCkgYL7yd22wsd3AgS8/OvPSM4I= root@ubuntu-bionic
ssh-ed25519 AAAAC3NzaC1lZDI1NTE5AAAAIOL2J7rDsF67EUdGnO6ruOfrRdi0jBqW2iZ/IEjIqyyo root@ubuntu-bionic
ssh-rsa AAAAB3NzaC1yc2EAAAADAQABAAABAQCp4TIUILZc9I/6nL8pzjsSTl8tHV1oVv3gJbzBXMdEKEQDYY6mqjucs/Welg3q3ybhev9eqpMFXCuTwe0Es0HWMvOc0eeo7RdhC4jWeSp3vkWqRjuxEjDcOFmIlX9gP0b0q/tMuRjCvP8HuuUakfGHtb6WJj44ldXecp5WkjFwMLuyPGGgXO/o3OEOmvRzlt6JKfuV9KoPtl0Ki3nSCVqtde0l3c0rbYyVuhcRuw/UbkYqmvk1qOzvpKJeLfRLizwSImYIlsZzgAj1ehi0a33b90jSVyv05UxYo7VYG/VmvUc9mRDP2DF4+DHXUiXjVkigyu5TjTGgQq9/VFhiRAJF root@ubuntu-bionic
-----END SSH HOST KEY KEYS-----
[   25.186507] cloud-init[1363]: Cloud-init v. 21.3-1-g6803368d-0ubuntu1~18.04.4 running 'modules:final' at Wed, 29 Dec 2021 23:35:41 +0000. Up 25.02 seconds.
[   25.192059] cloud-init[1363]: ci-info: no authorized SSH keys fingerprints found for user ubuntu.
[   25.199200] cloud-init[1363]: Cloud-init v. 21.3-1-g6803368d-0ubuntu1~18.04.4 finished at Wed, 29 Dec 2021 23:35:41 +0000. Datasource DataSourceNoCloud [seed=/dev/sdb][dsmode=net].  Up 25.18 seconds
[[0;32m  OK  [0m] Started Execute cloud user/final scripts.
[[0;32m  OK  [0m] Reached target Cloud-init target.

Ubuntu 18.04.6 LTS ubuntu-bionic ttyS0

ubuntu-bionic login: 